ISim log file
Running: I:\xilinx_project\copy\new\Assignment_2_stable2_working_properly - Copy - Copy - Copy\test_MP_isim_beh.exe -intstyle ise -gui -tclbatch isim.cmd -wdb I:/xilinx_project/copy/new/Assignment_2_stable2_working_properly - Copy - Copy - Copy/test_MP_isim_beh.wdb 
ISim P.20131013 (signature 0x7708f090)
----------------------------------------------------------------------
INFO:Security:51 - The XILINXD_LICENSE_FILE environment variable is not set.
INFO:Security:52 - The LM_LICENSE_FILE environment variable is set to '2100@10.0.63.244'.
WARNING:Security:43 - No license file was found in the standard Xilinx license directory.
WARNING:Security:44 - Since no license file was found,
       please run the Xilinx License Configuration Manager
       (xlcm or "Manage Xilinx Licenses")
       to assist in obtaining a license.
WARNING:Security:42 - Your software subscription period has lapsed. Your current version of Xilinx tools will continue to function, but you no longer qualify for Xilinx software updates or new releases.


----------------------------------------------------------------------
This is a Full version of ISim.
Time resolution is 1 ps
# onerror resume
# wave add /
# run 1000 ns
Simulator is doing circuit initialization process.
Finished circuit initialization process.
ISim P.20131013 (signature 0x7708f090)
----------------------------------------------------------------------
INFO:Security:51 - The XILINXD_LICENSE_FILE environment variable is not set.
INFO:Security:52 - The LM_LICENSE_FILE environment variable is set to '2100@10.0.63.244'.
INFO:Security:68a - user is HP, on host DESKTOP-D8U1ITH.
WARNING:Security:43 - No license file was found in the standard Xilinx license directory.
WARNING:Security:44 - Since no license file was found,
       please run the Xilinx License Configuration Manager
       (xlcm or "Manage Xilinx Licenses")
       to assist in obtaining a license.
ERROR:Security:14 - No feature was available for 'ISIM'.

Cannot connect to license server system.
 The license server manager (lmgrd) has not been started yet,
 the wrong port@host or license file is being used, or the
 port or hostname in the license file has been changed.
Feature:       ISIM
Server name:   10.0.63.244
License path:  2100@10.0.63.244;C:/.Xilinx\*.lic;C:\Xilinx\14.7\ISE_DS\ISE\/coregen/core_licenses\Xilinx.lic;C:\Xilinx\14.7\ISE_DS\ISE\/coregen/core_licenses\XilinxFree.lic;C:\Xilinx\14.7\ISE_DS\EDK/data/core_licenses\Xilinx.lic;
FLEXnet Licensing error:-15,578.  System Error: 10013 "WinSock: Access denied"
For further information, refer to the FLEXnet Licensing documentation,
available at "www.flexerasoftware.com".
----------------------------------------------------------------------
WARNING: A full ISim License cannot be checked out due to the issues listed above. Please use Xilinx License Configuration Manager to fix these issues in order to check out a full ISim license.
WARNING: ISim will run in Lite mode. Please refer to the ISim documentation for more information on the differences between the Lite and the Full version.
This is a Lite version of ISim.
# run 1000 ns
Simulator is doing circuit initialization process.
Finished circuit initialization process.
